# JRE version: OpenJDK Runtime Environment (21.0.5) (build 21.0.5+-13047016-b750.29)
# Java VM: OpenJDK 64-Bit Server VM (21.0.5+-13047016-b750.29, mixed mode, tiered, compressed oops, compressed class ptrs, g1 gc, windows-amd64)
GC Precious Log:
 CardTable entry size: 512
 Card Set container configuration: InlinePtr #cards 5 size 8 Array Of Cards #cards 12 size 40 Howl #buckets 4 coarsen threshold 1843 Howl Bitmap #cards 512 size 80 coarsen threshold 460 Card regions per heap region 1 cards per card region 2048
 CPUs: 16 total, 16 available
 Memory: 14173M
 Large Page Support: Disabled
 NUMA Support: Disabled
 Compressed Oops: Enabled (32-bit)
 Heap Region Size: 1M
 Heap Min Capacity: 8M
 Heap Initial Capacity: 222M
 Heap Max Capacity: 2G
 Pre-touch: Disabled
 Parallel Workers: 13
 Concurrent Workers: 3
 Concurrent Refinement Workers: 13
 Periodic GC: Disabled
Heap:
 garbage-first heap   total 467968K, used 438837K [0x0000000080000000, 0x0000000100000000)
  region size 1024K, 180 young (184320K), 21 survivors (21504K)
 Metaspace       used 225491K, committed 228416K, reserved 1310720K
  class space    used 27806K, committed 29312K, reserved 1048576K
GC Heap History (20 events):
Event: 32.618 GC heap after
{Heap after GC invocations=75 (full 0):
 garbage-first heap   total 463872K, used 238787K [0x0000000080000000, 0x0000000100000000)
  region size 1024K, 17 young (17408K), 17 survivors (17408K)
 Metaspace       used 188072K, committed 190656K, reserved 1245184K
  class space    used 23556K, committed 24832K, reserved 1048576K
}
Event: 33.627 GC heap before
{Heap before GC invocations=75 (full 0):
 garbage-first heap   total 463872K, used 421059K [0x0000000080000000, 0x0000000100000000)
  region size 1024K, 195 young (199680K), 17 survivors (17408K)
 Metaspace       used 188072K, committed 190656K, reserved 1245184K
  class space    used 23556K, committed 24832K, reserved 1048576K
}
Event: 33.650 GC heap after
{Heap after GC invocations=76 (full 0):
 garbage-first heap   total 463872K, used 241967K [0x0000000080000000, 0x0000000100000000)
  region size 1024K, 15 young (15360K), 15 survivors (15360K)
 Metaspace       used 188072K, committed 190656K, reserved 1245184K
  class space    used 23556K, committed 24832K, reserved 1048576K
}
Event: 33.916 GC heap before
{Heap before GC invocations=76 (full 0):
 garbage-first heap   total 463872K, used 276783K [0x0000000080000000, 0x0000000100000000)
  region size 1024K, 50 young (51200K), 15 survivors (15360K)
 Metaspace       used 188384K, committed 191040K, reserved 1245184K
  class space    used 23578K, committed 24896K, reserved 1048576K
}
Event: 33.923 GC heap after
{Heap after GC invocations=77 (full 0):
 garbage-first heap   total 463872K, used 243694K [0x0000000080000000, 0x0000000100000000)
  region size 1024K, 9 young (9216K), 9 survivors (9216K)
 Metaspace       used 188384K, committed 191040K, reserved 1245184K
  class space    used 23578K, committed 24896K, reserved 1048576K
}
Event: 35.523 GC heap before
{Heap before GC invocations=78 (full 0):
 garbage-first heap   total 463872K, used 428014K [0x0000000080000000, 0x0000000100000000)
  region size 1024K, 178 young (182272K), 9 survivors (9216K)
 Metaspace       used 201511K, committed 204160K, reserved 1245184K
  class space    used 25328K, committed 26624K, reserved 1048576K
}
Event: 35.532 GC heap after
{Heap after GC invocations=79 (full 0):
 garbage-first heap   total 463872K, used 250713K [0x0000000080000000, 0x0000000100000000)
  region size 1024K, 14 young (14336K), 14 survivors (14336K)
 Metaspace       used 201511K, committed 204160K, reserved 1245184K
  class space    used 25328K, committed 26624K, reserved 1048576K
}
Event: 36.146 GC heap before
{Heap before GC invocations=79 (full 0):
 garbage-first heap   total 463872K, used 424793K [0x0000000080000000, 0x0000000100000000)
  region size 1024K, 182 young (186368K), 14 survivors (14336K)
 Metaspace       used 201988K, committed 204672K, reserved 1245184K
  class space    used 25356K, committed 26688K, reserved 1048576K
}
Event: 36.155 GC heap after
{Heap after GC invocations=80 (full 0):
 garbage-first heap   total 463872K, used 251860K [0x0000000080000000, 0x0000000100000000)
  region size 1024K, 12 young (12288K), 12 survivors (12288K)
 Metaspace       used 201988K, committed 204672K, reserved 1245184K
  class space    used 25356K, committed 26688K, reserved 1048576K
}
Event: 36.815 GC heap before
{Heap before GC invocations=80 (full 0):
 garbage-first heap   total 463872K, used 425940K [0x0000000080000000, 0x0000000100000000)
  region size 1024K, 183 young (187392K), 12 survivors (12288K)
 Metaspace       used 202009K, committed 204672K, reserved 1245184K
  class space    used 25357K, committed 26688K, reserved 1048576K
}
Event: 36.823 GC heap after
{Heap after GC invocations=81 (full 0):
 garbage-first heap   total 463872K, used 251682K [0x0000000080000000, 0x0000000100000000)
  region size 1024K, 12 young (12288K), 12 survivors (12288K)
 Metaspace       used 202009K, committed 204672K, reserved 1245184K
  class space    used 25357K, committed 26688K, reserved 1048576K
}
Event: 38.748 GC heap before
{Heap before GC invocations=82 (full 0):
 garbage-first heap   total 463872K, used 425762K [0x0000000080000000, 0x0000000100000000)
  region size 1024K, 183 young (187392K), 12 survivors (12288K)
 Metaspace       used 205560K, committed 208320K, reserved 1245184K
  class space    used 25763K, committed 27136K, reserved 1048576K
}
Event: 38.756 GC heap after
{Heap after GC invocations=83 (full 0):
 garbage-first heap   total 463872K, used 251368K [0x0000000080000000, 0x0000000100000000)
  region size 1024K, 14 young (14336K), 14 survivors (14336K)
 Metaspace       used 205560K, committed 208320K, reserved 1245184K
  class space    used 25763K, committed 27136K, reserved 1048576K
}
Event: 264.828 GC heap before
{Heap before GC invocations=83 (full 0):
 garbage-first heap   total 463872K, used 423400K [0x0000000080000000, 0x0000000100000000)
  region size 1024K, 183 young (187392K), 14 survivors (14336K)
 Metaspace       used 216106K, committed 218944K, reserved 1245184K
  class space    used 26891K, committed 28352K, reserved 1048576K
}
Event: 264.841 GC heap after
{Heap after GC invocations=84 (full 0):
 garbage-first heap   total 463872K, used 256065K [0x0000000080000000, 0x0000000100000000)
  region size 1024K, 19 young (19456K), 19 survivors (19456K)
 Metaspace       used 216106K, committed 218944K, reserved 1245184K
  class space    used 26891K, committed 28352K, reserved 1048576K
}
Event: 265.465 GC heap before
{Heap before GC invocations=84 (full 0):
 garbage-first heap   total 463872K, used 320577K [0x0000000080000000, 0x0000000100000000)
  region size 1024K, 84 young (86016K), 19 survivors (19456K)
 Metaspace       used 217997K, committed 220800K, reserved 1245184K
  class space    used 27080K, committed 28544K, reserved 1048576K
}
Event: 265.476 GC heap after
{Heap after GC invocations=85 (full 0):
 garbage-first heap   total 463872K, used 263279K [0x0000000080000000, 0x0000000100000000)
  region size 1024K, 16 young (16384K), 16 survivors (16384K)
 Metaspace       used 217997K, committed 220800K, reserved 1245184K
  class space    used 27080K, committed 28544K, reserved 1048576K
}
Event: 1107.714 GC heap before
{Heap before GC invocations=86 (full 0):
 garbage-first heap   total 463872K, used 429167K [0x0000000080000000, 0x0000000100000000)
  region size 1024K, 171 young (175104K), 16 survivors (16384K)
 Metaspace       used 225149K, committed 228032K, reserved 1310720K
  class space    used 27789K, committed 29248K, reserved 1048576K
}
Event: 1107.725 GC heap after
{Heap after GC invocations=87 (full 0):
 garbage-first heap   total 463872K, used 267829K [0x0000000080000000, 0x0000000100000000)
  region size 1024K, 7 young (7168K), 7 survivors (7168K)
 Metaspace       used 225149K, committed 228032K, reserved 1310720K
  class space    used 27789K, committed 29248K, reserved 1048576K
}
Event: 1108.665 GC heap before
{Heap before GC invocations=87 (full 0):
 garbage-first heap   total 463872K, used 437813K [0x0000000080000000, 0x0000000100000000)
  region size 1024K, 166 young (169984K), 7 survivors (7168K)
 Metaspace       used 225491K, committed 228416K, reserved 1310720K
  class space    used 27806K, committed 29312K, reserved 1048576K
}

